Started by user [8mha:////4KVef2Y2rt1aHG3Ubl730ZXhQB3qCGGZoQc5yMa57M8MAAAAmB+LCAAAAAAAAP9b85aBtbiIQTGjNKU4P08vOT+vOD8nVc83PyU1x6OyILUoJzMv2y+/JJUBAhiZGBgqihhk0NSjKDWzXb3RdlLBUSYGJk8GtpzUvPSSDB8G5tKinBIGIZ+sxLJE/ZzEvHT94JKizLx0a6BxUmjGOUNodHsLgAyeEgYe/dLi1CL9osyS1OIMAJg1/OrBAAAA[0mRitesh_Kumar
Loading library ritesh@main
Attempting to resolve main from remote references...
 > git --version # timeout=10
 > git --version # 'git version 2.34.1'
 > git ls-remote -h -- https://github.com/ritesh107/shared_library.git # timeout=10
Found match: refs/heads/main revision c00f724a7eacb1d882e8db893cc23c80cabbd9d4
Selected Git installation does not exist. Using Default
The recommended git tool is: NONE
No credentials specified
 > git rev-parse --resolve-git-dir /var/lib/jenkins/workspace/shared_library@libs/283ab0edc98604108daec06f073e56bf6195bd79eacea83cfe3213a81f7db7b3/.git # timeout=10
Fetching changes from the remote Git repository
 > git config remote.origin.url https://github.com/ritesh107/shared_library.git # timeout=10
Fetching without tags
Fetching upstream changes from https://github.com/ritesh107/shared_library.git
 > git --version # timeout=10
 > git --version # 'git version 2.34.1'
 > git fetch --no-tags --force --progress -- https://github.com/ritesh107/shared_library.git +refs/heads/*:refs/remotes/origin/* # timeout=10
Checking out Revision c00f724a7eacb1d882e8db893cc23c80cabbd9d4 (main)
 > git config core.sparsecheckout # timeout=10
 > git checkout -f c00f724a7eacb1d882e8db893cc23c80cabbd9d4 # timeout=10
Commit message: "Update and rename jenkins.groovy to echo.groovy"
 > git rev-list --no-walk c00f724a7eacb1d882e8db893cc23c80cabbd9d4 # timeout=10
[Checks API] No suitable checks publisher found.
org.codehaus.groovy.control.MultipleCompilationErrorsException: startup failed:
WorkflowScript: 13: Missing required parameter: "message" @ line 13, column 16.
                  echo ()
                  ^

1 error

	at org.codehaus.groovy.control.ErrorCollector.failIfErrors(ErrorCollector.java:309)
	at org.codehaus.groovy.control.CompilationUnit.applyToPrimaryClassNodes(CompilationUnit.java:1107)
	at org.codehaus.groovy.control.CompilationUnit.doPhaseOperation(CompilationUnit.java:624)
	at org.codehaus.groovy.control.CompilationUnit.processPhaseOperations(CompilationUnit.java:602)
	at org.codehaus.groovy.control.CompilationUnit.compile(CompilationUnit.java:579)
	at groovy.lang.GroovyClassLoader.doParseClass(GroovyClassLoader.java:323)
	at groovy.lang.GroovyClassLoader.parseClass(GroovyClassLoader.java:293)
	at org.jenkinsci.plugins.scriptsecurity.sandbox.groovy.GroovySandbox$Scope.parse(GroovySandbox.java:163)
	at org.jenkinsci.plugins.workflow.cps.CpsGroovyShell.doParse(CpsGroovyShell.java:190)
	at org.jenkinsci.plugins.workflow.cps.CpsGroovyShell.reparse(CpsGroovyShell.java:175)
	at org.jenkinsci.plugins.workflow.cps.CpsFlowExecution.parseScript(CpsFlowExecution.java:568)
	at org.jenkinsci.plugins.workflow.cps.CpsFlowExecution.start(CpsFlowExecution.java:518)
	at org.jenkinsci.plugins.workflow.job.WorkflowRun.run(WorkflowRun.java:336)
	at hudson.model.ResourceController.execute(ResourceController.java:101)
	at hudson.model.Executor.run(Executor.java:442)
[Checks API] No suitable checks publisher found.
[withMaven] downstreamPipelineTriggerRunListener - Failure to introspect build steps: java.io.IOException: shared_library #5 did not yet start
[withMaven] downstreamPipelineTriggerRunListener - Failure to introspect build steps: java.io.IOException: shared_library #5 did not yet start
Finished: FAILURE
