Branch indexing
[8mha:////4Eo78POt3HgEL36UjGidI2xkcg8Hjk37PPE1fDiCImdHAAAAhB+LCAAAAAAAAP9b85aBtbiIwSa/KF0vKzUvOzOvODlTryCnNB3I0kvPLMkoTYpPKkrMS86IL84vLUpO1XPPLPEoTXLOzyvOz0n1yy9JZYAARiYGRi8GzpLM3NTiksTcgooiBqmM0pTi/Dy9ZIhiPayaGCoKgHRHWAjTVQAXSuHhjgAAAA==[0mConnecting to https://api.github.com with no credentials, anonymous access
Obtained Jenkinsfile from aecce4618e0344ed89e6f275f87b6bed4ab1f8a1
org.codehaus.groovy.control.MultipleCompilationErrorsException: startup failed:
WorkflowScript: 28: The â€˜postâ€™ section can only contain build condition names with code blocks. Valid condition names are [always, changed, fixed, regression, aborted, success, unsuccessful, unstable, failure, notBuilt, cleanup] @ line 28, column 13.
               echo "Hello"
               ^

WorkflowScript: 27: post can not be empty @ line 27, column 5.
       post {
       ^

2 errors

	at org.codehaus.groovy.control.ErrorCollector.failIfErrors(ErrorCollector.java:309)
	at org.codehaus.groovy.control.CompilationUnit.applyToPrimaryClassNodes(CompilationUnit.java:1107)
	at org.codehaus.groovy.control.CompilationUnit.doPhaseOperation(CompilationUnit.java:624)
	at org.codehaus.groovy.control.CompilationUnit.processPhaseOperations(CompilationUnit.java:602)
	at org.codehaus.groovy.control.CompilationUnit.compile(CompilationUnit.java:579)
	at groovy.lang.GroovyClassLoader.doParseClass(GroovyClassLoader.java:323)
	at groovy.lang.GroovyClassLoader.parseClass(GroovyClassLoader.java:293)
	at org.jenkinsci.plugins.scriptsecurity.sandbox.groovy.GroovySandbox$Scope.parse(GroovySandbox.java:163)
	at org.jenkinsci.plugins.workflow.cps.CpsGroovyShell.doParse(CpsGroovyShell.java:190)
	at org.jenkinsci.plugins.workflow.cps.CpsGroovyShell.reparse(CpsGroovyShell.java:175)
	at org.jenkinsci.plugins.workflow.cps.CpsFlowExecution.parseScript(CpsFlowExecution.java:568)
	at org.jenkinsci.plugins.workflow.cps.CpsFlowExecution.start(CpsFlowExecution.java:518)
	at org.jenkinsci.plugins.workflow.job.WorkflowRun.run(WorkflowRun.java:336)
	at hudson.model.ResourceController.execute(ResourceController.java:101)
	at hudson.model.Executor.run(Executor.java:442)
[Checks API] No suitable checks publisher found.
[withMaven] downstreamPipelineTriggerRunListener - Failure to introspect build steps: java.io.IOException: Demo-Sessions/Multi-pipelinebranch/Multi-Pipeline-03/nirmala #1 did not yet start
[withMaven] downstreamPipelineTriggerRunListener - Failure to introspect build steps: java.io.IOException: Demo-Sessions/Multi-pipelinebranch/Multi-Pipeline-03/nirmala #1 did not yet start
Finished: FAILURE
